Function call time in UTC: 07:55 Fri on June 30, 2023
Function name: hello_world
Function arguments: ((), {})
Function result: Hello World
//////////////////////////////
Function call time in UTC: 07:55 Fri on June 30, 2023
Function name: summator
Function arguments: ((2, 2), {})
Function result: 4
//////////////////////////////
Function call time in UTC: 07:55 Fri on June 30, 2023
Function name: div
Function arguments: ((6, 2), {})
Function result: 3.0
//////////////////////////////
Function call time in UTC: 07:55 Fri on June 30, 2023
Function name: summator
Function arguments: ((4.3,), {'b': 2.2})
Function result: 6.5
//////////////////////////////
Function call time in UTC: 07:55 Fri on June 30, 2023
Function name: summator
Function arguments: ((), {'a': 0, 'b': 0})
Function result: 0
//////////////////////////////
Function call time in UTC: 07:55 Fri on June 30, 2023
Function name: get_url
Function arguments: (('python+django+flask',), {})
Function result: https://spb.hh.ru/search/vacancy?text=python+django+flask&area=1&area=2&
//////////////////////////////
